[Train   1] joins the loading bay queue
  [Thread 140212848969472]: Joined queue to enter bay, queue number = [0]
[Train   1] enters the loading bays
[Train   0] joins the loading bay queue
  [Thread 140212857362176]: Joined queue to enter bay, queue number = [1]
[Train   9] joins the loading bay queue
  [Thread 140212781827840]: Joined queue to enter bay, queue number = [2]
[Train   4] joins the loading bay queue
  [Thread 140212823791360]: Joined queue to enter bay, queue number = [3]
[Train   5] joins the loading bay queue
  [Thread 140212815398656]: Joined queue to enter bay, queue number = [4]
[Train   8] joins the loading bay queue
  [Thread 140212790220544]: Joined queue to enter bay, queue number = [5]
[Train   7] joins the loading bay queue
  [Thread 140212798613248]: Joined queue to enter bay, queue number = [6]
[Train   6] joins the loading bay queue
  [Thread 140212807005952]: Joined queue to enter bay, queue number = [7]
[Train   3] joins the loading bay queue
  [Thread 140212832184064]: Joined queue to enter bay, queue number = [8]
[Train   2] joins the loading bay queue
  [Thread 140212840576768]: Joined queue to enter bay, queue number = [9]
[Train   1] leaves the loading bay and starts waiting to exit (Priority: 1)
[Train   1] 0 trains with priority 0 have to exit before current train
[Train   1] Exiting...
  [Thread 140212848969472]: Entered loading bay. Next to enter should be [1].
[Train   0] enters the loading bays
[Train   1] Exiting finished. Another train can exit. 
[Train   0] leaves the loading bay and starts waiting to exit (Priority: 1)
[Train   0] 0 trains with priority 0 have to exit before current train
[Train   0] Exiting...
  [Thread 140212857362176]: Entered loading bay. Next to enter should be [2].
[Train   9] enters the loading bays
[Train   0] Exiting finished. Another train can exit. 
[Train   9] leaves the loading bay and starts waiting to exit (Priority: 1)
[Train   9] 0 trains with priority 0 have to exit before current train
[Train   9] Exiting...
  [Thread 140212781827840]: Entered loading bay. Next to enter should be [3].
[Train   4] enters the loading bays
[Train   9] Exiting finished. Another train can exit. 
[Train   4] leaves the loading bay and starts waiting to exit (Priority: 1)
[Train   4] 0 trains with priority 0 have to exit before current train
[Train   4] Exiting...
  [Thread 140212823791360]: Entered loading bay. Next to enter should be [4].
[Train   5] enters the loading bays
[Train   4] Exiting finished. Another train can exit. 
[Train   5] leaves the loading bay and starts waiting to exit (Priority: 0)
[Train   5] Exiting...
  [Thread 140212815398656]: Entered loading bay. Next to enter should be [5].
[Train   8] enters the loading bays
[Train   5] Exiting finished. Another train can exit. 
[Train   8] leaves the loading bay and starts waiting to exit (Priority: 0)
[Train   8] Exiting...
  [Thread 140212790220544]: Entered loading bay. Next to enter should be [6].
[Train   7] enters the loading bays
[Train   8] Exiting finished. Another train can exit. 
[Train   7] leaves the loading bay and starts waiting to exit (Priority: 1)
[Train   7] 0 trains with priority 0 have to exit before current train
[Train   7] Exiting...
  [Thread 140212798613248]: Entered loading bay. Next to enter should be [7].
[Train   6] enters the loading bays
[Train   7] Exiting finished. Another train can exit. 
[Train   6] leaves the loading bay and starts waiting to exit (Priority: 1)
[Train   6] 0 trains with priority 0 have to exit before current train
[Train   6] Exiting...
  [Thread 140212807005952]: Entered loading bay. Next to enter should be [8].
[Train   3] enters the loading bays
[Train   6] Exiting finished. Another train can exit. 
[Train   3] leaves the loading bay and starts waiting to exit (Priority: 1)
[Train   3] 0 trains with priority 0 have to exit before current train
[Train   3] Exiting...
  [Thread 140212832184064]: Entered loading bay. Next to enter should be [9].
[Train   2] enters the loading bays
[Train   3] Exiting finished. Another train can exit. 
[Train   2] leaves the loading bay and starts waiting to exit (Priority: 1)
[Train   2] 0 trains with priority 0 have to exit before current train
[Train   2] Exiting...
  [Thread 140212840576768]: Entered loading bay. Next to enter should be [10].
[Train   2] Exiting finished. Another train can exit. 
